<?xml version="1.0" encoding="UTF-8"?>
<!-- Generated by org.testng.reporters.JUnitReportReporter -->
<testsuite hostname="Dhwaadi" failures="0" tests="1" name="testNGbasics.Alertasserteg" time="13.270" errors="0" timestamp="2022-08-08T12:50:54 IST" skipped="0">
  <testcase classname="testNGbasics.Alertasserteg" name="checkboxverification" time="13.270"/>
  <system-out/>
</testsuite> <!-- testNGbasics.Alertasserteg -->
