<?xml version="1.0" encoding="UTF-8"?>
<!-- Generated by org.testng.reporters.JUnitReportReporter -->
<testsuite hostname="Dhwaadi" failures="0" tests="3" name="testNGbasics.Display" time="21.552" errors="0" timestamp="2022-08-06T23:14:49 IST" skipped="0">
  <testcase classname="testNGbasics.Display" name="verifylogo" time="6.030"/>
  <system-out/>
  <testcase classname="testNGbasics.Display" name="verifyTitle" time="8.364"/>
  <system-out/>
  <testcase classname="testNGbasics.Display" name="verifyUrl" time="7.158"/>
  <system-out/>
</testsuite> <!-- testNGbasics.Display -->
