<?xml version="1.0" encoding="UTF-8"?>
<!-- Generated by org.testng.reporters.JUnitReportReporter -->
<testsuite hostname="Dhwaadi" failures="0" tests="3" name="testNGbasics.Spicejet" time="12.435" errors="0" timestamp="2022-08-04T13:51:59 IST" skipped="1">
  <testcase classname="testNGbasics.Spicejet" name="currentUrl" time="5.366"/>
  <system-out/>
  <testcase classname="testNGbasics.Spicejet" name="currentTitle" time="7.069"/>
  <system-out/>
  <testcase classname="testNGbasics.Spicejet" name="searchButtoncolor">
    <skipped/>
  </testcase> <!-- searchButtoncolor -->
  <system-out/>
</testsuite> <!-- testNGbasics.Spicejet -->
