<?xml version="1.0" encoding="UTF-8"?>
<!-- Generated by org.testng.reporters.JUnitReportReporter -->
<testsuite hostname="Dhwaadi" failures="0" tests="3" name="testNGbasics.AlertEgAssert" time="18.718" errors="0" timestamp="2022-08-08T22:39:51 IST" skipped="0">
  <testcase classname="testNGbasics.AlertEgAssert" name="verifyclickmebutton" time="3.155"/>
  <system-out/>
  <testcase classname="testNGbasics.AlertEgAssert" name="verifydismissalertbox" time="4.886"/>
  <system-out/>
  <testcase classname="testNGbasics.AlertEgAssert" name="verifysendtext" time="10.677"/>
  <system-out/>
</testsuite> <!-- testNGbasics.AlertEgAssert -->
