<?xml version="1.0" encoding="UTF-8"?>
<!-- Generated by org.testng.reporters.JUnitReportReporter -->
<testsuite hostname="Dhwaadi" failures="0" tests="1" name="testNGbasics.TestcaseDemo" time="5.552" errors="0" timestamp="2022-08-08T07:46:28 IST" skipped="0">
  <testcase classname="testNGbasics.TestcaseDemo" name="verifytitle_amazone" time="5.552"/>
  <system-out/>
</testsuite> <!-- testNGbasics.TestcaseDemo -->
