<?xml version="1.0" encoding="UTF-8"?>
<!-- Generated by org.testng.reporters.JUnitReportReporter -->
<testsuite hostname="Dhwaadi" failures="0" tests="4" name="testNGbasics.Checkbox" time="50.397" errors="0" timestamp="2022-08-07T19:10:24 IST" skipped="0">
  <testcase classname="testNGbasics.Checkbox" name="Invalidlogin" time="14.272"/>
  <system-out/>
  <testcase classname="testNGbasics.Checkbox" name="checkboxif" time="5.644"/>
  <system-out/>
  <testcase classname="testNGbasics.Checkbox" name="Checkboxselect" time="21.467"/>
  <system-out/>
  <testcase classname="testNGbasics.Checkbox" name="Login" time="9.014"/>
  <system-out/>
</testsuite> <!-- testNGbasics.Checkbox -->
