<?xml version="1.0" encoding="UTF-8"?>
<!-- Generated by org.testng.reporters.JUnitReportReporter -->
<testsuite hostname="Dhwaadi" failures="0" tests="3" name="testNGbasics.TestNGExample" time="0.018" errors="0" timestamp="2022-08-02T15:03:06 IST" skipped="0">
  <testcase classname="testNGbasics.TestNGExample" name="Testcase3" time="0.004"/>
  <system-out/>
  <testcase classname="testNGbasics.TestNGExample" name="Testcase1" time="0.011"/>
  <system-out/>
  <testcase classname="testNGbasics.TestNGExample" name="Testcase2" time="0.003"/>
  <system-out/>
</testsuite> <!-- testNGbasics.TestNGExample -->
