<?xml version="1.0" encoding="UTF-8"?>
<!-- Generated by org.testng.reporters.JUnitReportReporter -->
<testsuite hostname="Dhwaadi" failures="0" tests="2" name="testNGbasics.Radiobutton" time="10.897" errors="0" timestamp="2022-08-06T23:41:41 IST" skipped="0">
  <testcase classname="testNGbasics.Radiobutton" name="radiobuttonfemaleselected" time="4.874"/>
  <system-out/>
  <testcase classname="testNGbasics.Radiobutton" name="radiobuttonmaleselected" time="6.023"/>
  <system-out/>
</testsuite> <!-- testNGbasics.Radiobutton -->
