<?xml version="1.0" encoding="UTF-8"?>
<!-- Generated by org.testng.reporters.JUnitReportReporter -->
<testsuite hostname="Dhwaadi" failures="0" tests="2" name="testNGbasics.ExampleCases" time="13.889" errors="0" timestamp="2022-08-04T12:58:02 IST" skipped="0">
  <testcase classname="testNGbasics.ExampleCases" name="test2" time="6.408"/>
  <system-out/>
  <testcase classname="testNGbasics.ExampleCases" name="test1" time="7.481"/>
  <system-out/>
</testsuite> <!-- testNGbasics.ExampleCases -->
