<?xml version="1.0" encoding="UTF-8"?>
<!-- Generated by org.testng.reporters.JUnitReportReporter -->
<testsuite hostname="Dhwaadi" failures="0" tests="4" name="testNGbasics.Frames" time="19.373" errors="0" timestamp="2022-08-04T13:08:17 IST" skipped="0">
  <testcase classname="testNGbasics.Frames" name="Switchtoframetopmiddle" time="4.421"/>
  <system-out/>
  <testcase classname="testNGbasics.Frames" name="Switchtoframetopleft" time="4.707"/>
  <system-out/>
  <testcase classname="testNGbasics.Frames" name="Switchtoframetop" time="4.517"/>
  <system-out/>
  <testcase classname="testNGbasics.Frames" name="switchtoFrame" time="5.728"/>
  <system-out/>
</testsuite> <!-- testNGbasics.Frames -->
