<?xml version="1.0" encoding="UTF-8"?>
<!-- Generated by org.testng.reporters.JUnitReportReporter -->
<testsuite hostname="Dhwaadi" failures="0" tests="1" name="testNGbasics.Tooltip" time="13.450" errors="0" timestamp="2022-08-08T08:51:50 IST" skipped="0">
  <testcase classname="testNGbasics.Tooltip" name="form" time="13.450"/>
  <system-out/>
</testsuite> <!-- testNGbasics.Tooltip -->
